<?xml version="1.0" encoding="UTF-8"?>
<!-- Generated by org.testng.reporters.JUnitReportReporter -->
<testsuite hostname="Amitesh" failures="0" tests="1" name="application.ExampleTestNG" time="0.014" errors="0" timestamp="2024-03-20T16:17:42 IST" skipped="0">
  <testcase classname="application.ExampleTestNG" name="testcase1" time="0.014"/>
</testsuite> <!-- application.ExampleTestNG -->
