<?xml version="1.0" encoding="UTF-8"?>
<!-- Generated by org.testng.reporters.JUnitReportReporter -->
<testsuite hostname="Amitesh" failures="0" tests="1" name="testScripts.ExampleTestNG" time="0.013" errors="0" timestamp="2024-03-20T16:26:06 IST" skipped="0">
  <testcase classname="testScripts.ExampleTestNG" name="testcase1" time="0.013"/>
</testsuite> <!-- testScripts.ExampleTestNG -->
